<?xml version="1.0" encoding="UTF-8"?><testsuite name="nosetests" tests="13" errors="0" failures="0" skip="0"><testcase classname="qawa.tests.test_api.ApiTestCase" name="test_authentication" time="0.037" /><testcase classname="qawa.tests.test_parser.ParserTestCase" name="test_add_to_default_group_with_name" time="0.003" /><testcase classname="qawa.tests.test_parser.ParserTestCase" name="test_add_to_default_group_with_name_and_surname" time="0.000" /><testcase classname="qawa.tests.test_parser.ParserTestCase" name="test_add_to_default_group_without_name" time="0.000" /><testcase classname="qawa.tests.test_parser.ParserTestCase" name="test_add_to_named_group_with_name" time="0.000" /><testcase classname="qawa.tests.test_parser.ParserTestCase" name="test_add_to_named_group_with_name_and_surname" time="0.000" /><testcase classname="qawa.tests.test_parser.ParserTestCase" name="test_add_to_named_group_without_name" time="0.000" /><testcase classname="qawa.tests.test_parser.ParserTestCase" name="test_broadcast_to_group_with_name" time="0.001" /><testcase classname="qawa.tests.test_parser.ParserTestCase" name="test_broadcast_to_group_without_name" time="0.000" /><testcase classname="qawa.tests.test_parser.ParserTestCase" name="test_find_groups" time="0.000" /><testcase classname="qawa.tests.test_parser.ParserTestCase" name="test_query" time="0.000" /><testcase classname="qawa.tests.test_parser.ParserTestCase" name="test_remove_from_group_with_name" time="0.000" /><testcase classname="qawa.tests.test_parser.ParserTestCase" name="test_remove_from_group_without_name" time="0.000" /></testsuite>